mode: set
github.com/sters/maputils/maputils/find.go:3.92,10.6 3 1
github.com/sters/maputils/maputils/find.go:29.2,29.16 1 1
github.com/sters/maputils/maputils/find.go:10.6,12.39 2 1
github.com/sters/maputils/maputils/find.go:16.3,16.28 1 1
github.com/sters/maputils/maputils/find.go:22.3,23.25 2 1
github.com/sters/maputils/maputils/find.go:26.3,26.37 1 1
github.com/sters/maputils/maputils/find.go:12.39,14.4 1 1
github.com/sters/maputils/maputils/find.go:16.28,17.51 1 1
github.com/sters/maputils/maputils/find.go:17.51,19.5 1 1
github.com/sters/maputils/maputils/find.go:23.25,24.9 1 1
